{
  "stats": {
    "suites": 1,
    "tests": 1,
    "passes": 1,
    "pending": 0,
    "failures": 0,
    "start": "2022-01-31T11:00:05.108Z",
    "end": "2022-01-31T11:00:11.457Z",
    "duration": 6349,
    "testsRegistered": 1,
    "passPercent": 100,
    "pendingPercent": 0,
    "other": 0,
    "hasOther": false,
    "skipped": 0,
    "hasSkipped": false
  },
  "results": [
    {
      "uuid": "4b9901ba-692f-4ca0-a38d-f1caaf107e52",
      "title": "",
      "fullFile": "cypress/integration/qa-exam-kitchen/problem3_questionare.js",
      "file": "cypress/integration/qa-exam-kitchen/problem3_questionare.js",
      "beforeHooks": [],
      "afterHooks": [],
      "tests": [],
      "suites": [
        {
          "uuid": "a9052807-b3c5-4b6f-8c32-d502677e3e48",
          "title": "Check \"Questionare\" page",
          "fullFile": "",
          "file": "",
          "beforeHooks": [],
          "afterHooks": [],
          "tests": [
            {
              "title": "Verify if populated data are stored in cookies",
              "fullTitle": "Check \"Questionare\" page Verify if populated data are stored in cookies",
              "timedOut": null,
              "duration": 6228,
              "state": "passed",
              "speed": "medium",
              "pass": true,
              "fail": false,
              "pending": false,
              "context": null,
              "code": "cy.visit('/questionaire');\nconst questionarePage = new _questionare_page.default();\nquestionarePage.getRadioButton().check('food');\ncy.frameLoaded(\"#first\");\ncy.iframe('#first').find('.form-check-input').check(['muckalica', 'Sarma']);\nquestionarePage.getLikeFoodButton().click();\nquestionarePage.getRatingRadio().check('vb');\nquestionarePage.getTextarea().click().type(this.data.text);\nquestionarePage.getSubmitModalButton().click();\ncy.frameLoaded(\"#third\");\ncy.iframe('#third').find('input[type=range]').invoke('val', 6).trigger('change');\nquestionarePage.getRateStaff7().click();\ncy.frameLoaded(\"#second\");\ncy.iframe('#second').find('#frta').click().type(this.data.text);\nquestionarePage.getSubmitQuestionaire().click();\ncy.getCookies().should('have.length', 1).then(cookies => {\n  expect(cookies[0]).to.have.property('value', 'food,vb,Test,Sarma,muckalica,Test,6,7');\n});",
              "err": {},
              "uuid": "5dc6a4ca-d631-43d6-8ad9-50cbb9f2dda0",
              "parentUUID": "a9052807-b3c5-4b6f-8c32-d502677e3e48",
              "isHook": false,
              "skipped": false
            }
          ],
          "suites": [],
          "passes": [
            "5dc6a4ca-d631-43d6-8ad9-50cbb9f2dda0"
          ],
          "failures": [],
          "pending": [],
          "skipped": [],
          "duration": 6228,
          "root": false,
          "rootEmpty": false,
          "_timeout": 2000
        }
      ],
      "passes": [],
      "failures": [],
      "pending": [],
      "skipped": [],
      "duration": 0,
      "root": true,
      "rootEmpty": true,
      "_timeout": 2000
    }
  ],
  "meta": {
    "mocha": {
      "version": "7.0.1"
    },
    "mochawesome": {
      "options": {
        "quiet": false,
        "reportFilename": "mochawesome",
        "saveHtml": true,
        "saveJson": true,
        "consoleReporter": "spec",
        "useInlineDiffs": false,
        "code": true
      },
      "version": "7.0.1"
    },
    "marge": {
      "options": null,
      "version": "6.0.1"
    }
  }
}